Determining if the pthread_create exist failed with the following output:
Change Dir: /home/teeramoo/Desktop/Record-image-sequences-master/IMUrecorder/build/CMakeFiles/CMakeTmp

Run Build Command:"/usr/bin/make" "cmTC_db35f/fast"
/usr/bin/make -f CMakeFiles/cmTC_db35f.dir/build.make CMakeFiles/cmTC_db35f.dir/build
make[1]: Entering directory '/home/teeramoo/Desktop/Record-image-sequences-master/IMUrecorder/build/CMakeFiles/CMakeTmp'
Building C object CMakeFiles/cmTC_db35f.dir/CheckSymbolExists.c.o
/usr/bin/cc     -o CMakeFiles/cmTC_db35f.dir/CheckSymbolExists.c.o   -c /home/teeramoo/Desktop/Record-image-sequences-master/IMUrecorder/build/CMakeFiles/CMakeTmp/CheckSymbolExists.c
Linking C executable cmTC_db35f
/usr/bin/cmake -E cmake_link_script CMakeFiles/cmTC_db35f.dir/link.txt --verbose=1
/usr/bin/cc       CMakeFiles/cmTC_db35f.dir/CheckSymbolExists.c.o  -o cmTC_db35f -rdynamic 
CMakeFiles/cmTC_db35f.dir/CheckSymbolExists.c.o: In function `main':
CheckSymbolExists.c:(.text+0x16): undefined reference to `pthread_create'
collect2: error: ld returned 1 exit status
CMakeFiles/cmTC_db35f.dir/build.make:97: recipe for target 'cmTC_db35f' failed
make[1]: *** [cmTC_db35f] Error 1
make[1]: Leaving directory '/home/teeramoo/Desktop/Record-image-sequences-master/IMUrecorder/build/CMakeFiles/CMakeTmp'
Makefile:126: recipe for target 'cmTC_db35f/fast' failed
make: *** [cmTC_db35f/fast] Error 2

File /home/teeramoo/Desktop/Record-image-sequences-master/IMUrecorder/build/CMakeFiles/CMakeTmp/CheckSymbolExists.c:
/* */
#include <pthread.h>

int main(int argc, char** argv)
{
  (void)argv;
#ifndef pthread_create
  return ((int*)(&pthread_create))[argc];
#else
  (void)argc;
  return 0;
#endif
}

Determining if the function pthread_create exists in the pthreads failed with the following output:
Change Dir: /home/teeramoo/Desktop/Record-image-sequences-master/IMUrecorder/build/CMakeFiles/CMakeTmp

Run Build Command:"/usr/bin/make" "cmTC_ac3af/fast"
/usr/bin/make -f CMakeFiles/cmTC_ac3af.dir/build.make CMakeFiles/cmTC_ac3af.dir/build
make[1]: Entering directory '/home/teeramoo/Desktop/Record-image-sequences-master/IMUrecorder/build/CMakeFiles/CMakeTmp'
Building C object CMakeFiles/cmTC_ac3af.dir/CheckFunctionExists.c.o
/usr/bin/cc    -DCHECK_FUNCTION_EXISTS=pthread_create   -o CMakeFiles/cmTC_ac3af.dir/CheckFunctionExists.c.o   -c /usr/share/cmake-3.5/Modules/CheckFunctionExists.c
Linking C executable cmTC_ac3af
/usr/bin/cmake -E cmake_link_script CMakeFiles/cmTC_ac3af.dir/link.txt --verbose=1
/usr/bin/cc   -DCHECK_FUNCTION_EXISTS=pthread_create    CMakeFiles/cmTC_ac3af.dir/CheckFunctionExists.c.o  -o cmTC_ac3af -rdynamic -lpthreads 
/usr/bin/ld: cannot find -lpthreads
collect2: error: ld returned 1 exit status
CMakeFiles/cmTC_ac3af.dir/build.make:97: recipe for target 'cmTC_ac3af' failed
make[1]: *** [cmTC_ac3af] Error 1
make[1]: Leaving directory '/home/teeramoo/Desktop/Record-image-sequences-master/IMUrecorder/build/CMakeFiles/CMakeTmp'
Makefile:126: recipe for target 'cmTC_ac3af/fast' failed
make: *** [cmTC_ac3af/fast] Error 2


