Determining if the pthread_create exist failed with the following output:
Change Dir: /home/teeramoo/Desktop/Thesis_work/Record-Image-IMU/cmake-build-debug/CMakeFiles/CMakeTmp

Run Build Command:"/usr/bin/make" "cmTC_72bed/fast"
/usr/bin/make -f CMakeFiles/cmTC_72bed.dir/build.make CMakeFiles/cmTC_72bed.dir/build
make[1]: Entering directory '/home/teeramoo/Desktop/Thesis_work/Record-Image-IMU/cmake-build-debug/CMakeFiles/CMakeTmp'
Building C object CMakeFiles/cmTC_72bed.dir/CheckSymbolExists.c.o
/usr/bin/cc    -o CMakeFiles/cmTC_72bed.dir/CheckSymbolExists.c.o   -c /home/teeramoo/Desktop/Thesis_work/Record-Image-IMU/cmake-build-debug/CMakeFiles/CMakeTmp/CheckSymbolExists.c
Linking C executable cmTC_72bed
/home/teeramoo/.local/share/JetBrains/Toolbox/apps/CLion/ch-0/181.5087.36/bin/cmake/bin/cmake -E cmake_link_script CMakeFiles/cmTC_72bed.dir/link.txt --verbose=1
/usr/bin/cc      -rdynamic CMakeFiles/cmTC_72bed.dir/CheckSymbolExists.c.o  -o cmTC_72bed 
CMakeFiles/cmTC_72bed.dir/CheckSymbolExists.c.o: In function `main':
CheckSymbolExists.c:(.text+0x16): undefined reference to `pthread_create'
collect2: error: ld returned 1 exit status
CMakeFiles/cmTC_72bed.dir/build.make:97: recipe for target 'cmTC_72bed' failed
make[1]: *** [cmTC_72bed] Error 1
make[1]: Leaving directory '/home/teeramoo/Desktop/Thesis_work/Record-Image-IMU/cmake-build-debug/CMakeFiles/CMakeTmp'
Makefile:126: recipe for target 'cmTC_72bed/fast' failed
make: *** [cmTC_72bed/fast] Error 2

File /home/teeramoo/Desktop/Thesis_work/Record-Image-IMU/cmake-build-debug/CMakeFiles/CMakeTmp/CheckSymbolExists.c:
/* */
#include <pthread.h>

int main(int argc, char** argv)
{
  (void)argv;
#ifndef pthread_create
  return ((int*)(&pthread_create))[argc];
#else
  (void)argc;
  return 0;
#endif
}

Determining if the function pthread_create exists in the pthreads failed with the following output:
Change Dir: /home/teeramoo/Desktop/Thesis_work/Record-Image-IMU/cmake-build-debug/CMakeFiles/CMakeTmp

Run Build Command:"/usr/bin/make" "cmTC_2af7a/fast"
/usr/bin/make -f CMakeFiles/cmTC_2af7a.dir/build.make CMakeFiles/cmTC_2af7a.dir/build
make[1]: Entering directory '/home/teeramoo/Desktop/Thesis_work/Record-Image-IMU/cmake-build-debug/CMakeFiles/CMakeTmp'
Building C object CMakeFiles/cmTC_2af7a.dir/CheckFunctionExists.c.o
/usr/bin/cc   -DCHECK_FUNCTION_EXISTS=pthread_create   -o CMakeFiles/cmTC_2af7a.dir/CheckFunctionExists.c.o   -c /home/teeramoo/.local/share/JetBrains/Toolbox/apps/CLion/ch-0/181.5087.36/bin/cmake/share/cmake-3.10/Modules/CheckFunctionExists.c
Linking C executable cmTC_2af7a
/home/teeramoo/.local/share/JetBrains/Toolbox/apps/CLion/ch-0/181.5087.36/bin/cmake/bin/cmake -E cmake_link_script CMakeFiles/cmTC_2af7a.dir/link.txt --verbose=1
/usr/bin/cc  -DCHECK_FUNCTION_EXISTS=pthread_create    -rdynamic CMakeFiles/cmTC_2af7a.dir/CheckFunctionExists.c.o  -o cmTC_2af7a -lpthreads 
/usr/bin/ld: cannot find -lpthreads
collect2: error: ld returned 1 exit status
CMakeFiles/cmTC_2af7a.dir/build.make:97: recipe for target 'cmTC_2af7a' failed
make[1]: *** [cmTC_2af7a] Error 1
make[1]: Leaving directory '/home/teeramoo/Desktop/Thesis_work/Record-Image-IMU/cmake-build-debug/CMakeFiles/CMakeTmp'
Makefile:126: recipe for target 'cmTC_2af7a/fast' failed
make: *** [cmTC_2af7a/fast] Error 2


