Determining if the pthread_create exist failed with the following output:
Change Dir: /home/teeramoo/Desktop/ORB-slam-script/RecorderForOdroidwithX264/VideoRecorder/cmake-build-debug/CMakeFiles/CMakeTmp

Run Build Command:"/usr/bin/make" "cmTC_e9060/fast"
/usr/bin/make -f CMakeFiles/cmTC_e9060.dir/build.make CMakeFiles/cmTC_e9060.dir/build
make[1]: Entering directory '/home/teeramoo/Desktop/ORB-slam-script/RecorderForOdroidwithX264/VideoRecorder/cmake-build-debug/CMakeFiles/CMakeTmp'
Building C object CMakeFiles/cmTC_e9060.dir/CheckSymbolExists.c.o
/usr/bin/cc    -o CMakeFiles/cmTC_e9060.dir/CheckSymbolExists.c.o   -c /home/teeramoo/Desktop/ORB-slam-script/RecorderForOdroidwithX264/VideoRecorder/cmake-build-debug/CMakeFiles/CMakeTmp/CheckSymbolExists.c
Linking C executable cmTC_e9060
/home/teeramoo/.local/share/JetBrains/Toolbox/apps/CLion/ch-0/173.4674.29/bin/cmake/bin/cmake -E cmake_link_script CMakeFiles/cmTC_e9060.dir/link.txt --verbose=1
/usr/bin/cc      -rdynamic CMakeFiles/cmTC_e9060.dir/CheckSymbolExists.c.o  -o cmTC_e9060 
CMakeFiles/cmTC_e9060.dir/CheckSymbolExists.c.o: In function `main':
CheckSymbolExists.c:(.text+0x16): undefined reference to `pthread_create'
collect2: error: ld returned 1 exit status
CMakeFiles/cmTC_e9060.dir/build.make:97: recipe for target 'cmTC_e9060' failed
make[1]: *** [cmTC_e9060] Error 1
make[1]: Leaving directory '/home/teeramoo/Desktop/ORB-slam-script/RecorderForOdroidwithX264/VideoRecorder/cmake-build-debug/CMakeFiles/CMakeTmp'
Makefile:126: recipe for target 'cmTC_e9060/fast' failed
make: *** [cmTC_e9060/fast] Error 2

File /home/teeramoo/Desktop/ORB-slam-script/RecorderForOdroidwithX264/VideoRecorder/cmake-build-debug/CMakeFiles/CMakeTmp/CheckSymbolExists.c:
/* */
#include <pthread.h>

int main(int argc, char** argv)
{
  (void)argv;
#ifndef pthread_create
  return ((int*)(&pthread_create))[argc];
#else
  (void)argc;
  return 0;
#endif
}

Determining if the function pthread_create exists in the pthreads failed with the following output:
Change Dir: /home/teeramoo/Desktop/ORB-slam-script/RecorderForOdroidwithX264/VideoRecorder/cmake-build-debug/CMakeFiles/CMakeTmp

Run Build Command:"/usr/bin/make" "cmTC_e9f6d/fast"
/usr/bin/make -f CMakeFiles/cmTC_e9f6d.dir/build.make CMakeFiles/cmTC_e9f6d.dir/build
make[1]: Entering directory '/home/teeramoo/Desktop/ORB-slam-script/RecorderForOdroidwithX264/VideoRecorder/cmake-build-debug/CMakeFiles/CMakeTmp'
Building C object CMakeFiles/cmTC_e9f6d.dir/CheckFunctionExists.c.o
/usr/bin/cc   -DCHECK_FUNCTION_EXISTS=pthread_create   -o CMakeFiles/cmTC_e9f6d.dir/CheckFunctionExists.c.o   -c /home/teeramoo/.local/share/JetBrains/Toolbox/apps/CLion/ch-0/173.4674.29/bin/cmake/share/cmake-3.9/Modules/CheckFunctionExists.c
Linking C executable cmTC_e9f6d
/home/teeramoo/.local/share/JetBrains/Toolbox/apps/CLion/ch-0/173.4674.29/bin/cmake/bin/cmake -E cmake_link_script CMakeFiles/cmTC_e9f6d.dir/link.txt --verbose=1
/usr/bin/cc  -DCHECK_FUNCTION_EXISTS=pthread_create    -rdynamic CMakeFiles/cmTC_e9f6d.dir/CheckFunctionExists.c.o  -o cmTC_e9f6d -lpthreads 
/usr/bin/ld: cannot find -lpthreads
collect2: error: ld returned 1 exit status
CMakeFiles/cmTC_e9f6d.dir/build.make:97: recipe for target 'cmTC_e9f6d' failed
make[1]: *** [cmTC_e9f6d] Error 1
make[1]: Leaving directory '/home/teeramoo/Desktop/ORB-slam-script/RecorderForOdroidwithX264/VideoRecorder/cmake-build-debug/CMakeFiles/CMakeTmp'
Makefile:126: recipe for target 'cmTC_e9f6d/fast' failed
make: *** [cmTC_e9f6d/fast] Error 2


