Determining if the pthread_create exist failed with the following output:
Change Dir: /home/teeramoo/Desktop/Record-image-sequences-master/VideoRecorder/build/CMakeFiles/CMakeTmp

Run Build Command:"/usr/bin/make" "cmTC_6543c/fast"
/usr/bin/make -f CMakeFiles/cmTC_6543c.dir/build.make CMakeFiles/cmTC_6543c.dir/build
make[1]: Entering directory '/home/teeramoo/Desktop/Record-image-sequences-master/VideoRecorder/build/CMakeFiles/CMakeTmp'
Building C object CMakeFiles/cmTC_6543c.dir/CheckSymbolExists.c.o
/usr/bin/cc     -o CMakeFiles/cmTC_6543c.dir/CheckSymbolExists.c.o   -c /home/teeramoo/Desktop/Record-image-sequences-master/VideoRecorder/build/CMakeFiles/CMakeTmp/CheckSymbolExists.c
Linking C executable cmTC_6543c
/usr/bin/cmake -E cmake_link_script CMakeFiles/cmTC_6543c.dir/link.txt --verbose=1
/usr/bin/cc       CMakeFiles/cmTC_6543c.dir/CheckSymbolExists.c.o  -o cmTC_6543c -rdynamic 
CMakeFiles/cmTC_6543c.dir/CheckSymbolExists.c.o: In function `main':
CheckSymbolExists.c:(.text+0x16): undefined reference to `pthread_create'
collect2: error: ld returned 1 exit status
CMakeFiles/cmTC_6543c.dir/build.make:97: recipe for target 'cmTC_6543c' failed
make[1]: *** [cmTC_6543c] Error 1
make[1]: Leaving directory '/home/teeramoo/Desktop/Record-image-sequences-master/VideoRecorder/build/CMakeFiles/CMakeTmp'
Makefile:126: recipe for target 'cmTC_6543c/fast' failed
make: *** [cmTC_6543c/fast] Error 2

File /home/teeramoo/Desktop/Record-image-sequences-master/VideoRecorder/build/CMakeFiles/CMakeTmp/CheckSymbolExists.c:
/* */
#include <pthread.h>

int main(int argc, char** argv)
{
  (void)argv;
#ifndef pthread_create
  return ((int*)(&pthread_create))[argc];
#else
  (void)argc;
  return 0;
#endif
}

Determining if the function pthread_create exists in the pthreads failed with the following output:
Change Dir: /home/teeramoo/Desktop/Record-image-sequences-master/VideoRecorder/build/CMakeFiles/CMakeTmp

Run Build Command:"/usr/bin/make" "cmTC_b833f/fast"
/usr/bin/make -f CMakeFiles/cmTC_b833f.dir/build.make CMakeFiles/cmTC_b833f.dir/build
make[1]: Entering directory '/home/teeramoo/Desktop/Record-image-sequences-master/VideoRecorder/build/CMakeFiles/CMakeTmp'
Building C object CMakeFiles/cmTC_b833f.dir/CheckFunctionExists.c.o
/usr/bin/cc    -DCHECK_FUNCTION_EXISTS=pthread_create   -o CMakeFiles/cmTC_b833f.dir/CheckFunctionExists.c.o   -c /usr/share/cmake-3.5/Modules/CheckFunctionExists.c
Linking C executable cmTC_b833f
/usr/bin/cmake -E cmake_link_script CMakeFiles/cmTC_b833f.dir/link.txt --verbose=1
/usr/bin/cc   -DCHECK_FUNCTION_EXISTS=pthread_create    CMakeFiles/cmTC_b833f.dir/CheckFunctionExists.c.o  -o cmTC_b833f -rdynamic -lpthreads 
/usr/bin/ld: cannot find -lpthreads
collect2: error: ld returned 1 exit status
CMakeFiles/cmTC_b833f.dir/build.make:97: recipe for target 'cmTC_b833f' failed
make[1]: *** [cmTC_b833f] Error 1
make[1]: Leaving directory '/home/teeramoo/Desktop/Record-image-sequences-master/VideoRecorder/build/CMakeFiles/CMakeTmp'
Makefile:126: recipe for target 'cmTC_b833f/fast' failed
make: *** [cmTC_b833f/fast] Error 2


